<?xml version="1.0" encoding="UTF-8"?>
<testsuite name="frc.robot.RobotTest" tests="1" skipped="0" failures="0" errors="0" timestamp="2020-01-11T01:06:49" hostname="LAPTOP-K717PUUH" time="0.003">
  <properties/>
  <testcase name="uselessTest" classname="frc.robot.RobotTest" time="0.003"/>
  <system-out><![CDATA[]]></system-out>
  <system-err><![CDATA[]]></system-err>
</testsuite>
