<?xml version="1.0" encoding="UTF-8"?>
<testsuite name="frc.robot.util.SmoothDampTest" tests="2" skipped="0" failures="0" errors="0" timestamp="2020-01-11T01:06:49" hostname="LAPTOP-K717PUUH" time="0.002">
  <properties/>
  <testcase name="smoothDampStepsize10" classname="frc.robot.util.SmoothDampTest" time="0.001"/>
  <testcase name="smoothDampStepsize1" classname="frc.robot.util.SmoothDampTest" time="0.0"/>
  <system-out><![CDATA[]]></system-out>
  <system-err><![CDATA[]]></system-err>
</testsuite>
